This file contains any messages produced by compilers while
running configure, to aid debugging if configure makes a mistake.

It was created by sqlite configure 3.45.0, which was
generated by GNU Autoconf 2.71.  Invocation command line was

  $ /Users/heckj/src/SQLiteFramework/src/latest/configure --build=aarch64-apple-darwin --host=aarch64-apple-darwin --prefix=/Users/heckj/src/SQLiteFramework/build/macosx

## --------- ##
## Platform. ##
## --------- ##

hostname = Sparrow.local
uname -m = arm64
uname -r = 23.3.0
uname -s = Darwin
uname -v = Darwin Kernel Version 23.3.0: Wed Dec 20 21:30:27 PST 2023; root:xnu-10002.81.5~7/RELEASE_ARM64_T8103

/usr/bin/uname -p = arm
/bin/uname -X     = unknown

/bin/arch              = unknown
/usr/bin/arch -k       = unknown
/usr/convex/getsysinfo = unknown
/usr/bin/hostinfo      = Mach kernel version:
	 Darwin Kernel Version 23.3.0: Wed Dec 20 21:30:27 PST 2023; root:xnu-10002.81.5~7/RELEASE_ARM64_T8103
Kernel configured for up to 8 processors.
8 processors are physically available.
8 processors are logically available.
Processor type: arm64e (ARM64E)
Processors active: 0 1 2 3 4 5 6 7
Primary memory available: 16.00 gigabytes
Default processor set: 660 tasks, 2800 threads, 8 processors
Load average: 1.49, Mach factor: 6.50
/bin/machine           = unknown
/usr/bin/oslevel       = unknown
/bin/universe          = unknown

PATH: /Users/heckj/bin/google-cloud-sdk/bin/
PATH: /Users/heckj/miniforge3/bin/
PATH: /Users/heckj/miniforge3/condabin/
PATH: /Users/heckj/.rbenv/shims/
PATH: /Users/heckj/.nvm/versions/node/v20.3.1/bin/
PATH: /Users/heckj/bin/
PATH: /opt/homebrew/bin/
PATH: /opt/homebrew/sbin/
PATH: /usr/local/bin/
PATH: /System/Cryptexes/App/usr/bin/
PATH: /usr/bin/
PATH: /bin/
PATH: /usr/sbin/
PATH: /sbin/
PATH: /var/run/com.apple.security.cryptexd/codex.system/bootstrap/usr/local/bin/
PATH: /var/run/com.apple.security.cryptexd/codex.system/bootstrap/usr/bin/
PATH: /var/run/com.apple.security.cryptexd/codex.system/bootstrap/usr/appleinternal/bin/
PATH: /opt/X11/bin/
PATH: /Library/Apple/usr/bin/
PATH: /Library/TeX/texbin/
PATH: /Users/heckj/.cargo/bin/
PATH: /usr/local/bin/
PATH: /usr/local/sbin/
PATH: /opt/homebrew/bin/
PATH: /Users/heckj/.rvm/bin/
PATH: /opt/local/USD/bin/
PATH: /Applications/pgAdmin 4.app/Contents/SharedSupport/


## ----------- ##
## Core tests. ##
## ----------- ##

configure:2438: looking for aux files: config.guess config.sub ltmain.sh compile missing install-sh
configure:2451:  trying ././
configure:2480:   ././config.guess found
configure:2480:   ././config.sub found
configure:2480:   ././ltmain.sh found
configure:2480:   ././compile found
configure:2480:   ././missing found
configure:2462:   ././install-sh found
configure:2613: checking for a BSD-compatible install
configure:2686: result: /opt/homebrew/bin/ginstall -c
configure:2697: checking whether build environment is sane
configure:2752: result: yes
configure:2911: checking for a race-free mkdir -p
configure:2955: result: /opt/homebrew/bin/gmkdir -p
configure:2962: checking for gawk
configure:2997: result: no
configure:2962: checking for mawk
configure:2997: result: no
configure:2962: checking for nawk
configure:2997: result: no
configure:2962: checking for awk
configure:2983: found /usr/bin/awk
configure:2994: result: awk
configure:3005: checking whether make sets $(MAKE)
configure:3028: result: yes
configure:3058: checking whether make supports nested variables
configure:3076: result: yes
configure:3226: checking whether make supports the include directive
configure:3241: make -f confmf.GNU && cat confinc.out
this is the am__doit target
configure:3244: $? = 0
configure:3263: result: yes (GNU style)
configure:3294: checking for aarch64-apple-darwin-gcc
configure:3326: result: clang
configure:3724: checking for C compiler version
configure:3733: clang --version >&5
Apple clang version 15.0.0 (clang-1500.3.9.4)
Target: arm64-apple-darwin23.3.0
Thread model: posix
InstalledDir: /Applications/Xcode-15.3-beta3.app/Contents/Developer/Toolchains/XcodeDefault.xctoolchain/usr/bin
configure:3744: $? = 0
configure:3733: clang -v >&5
Apple clang version 15.0.0 (clang-1500.3.9.4)
Target: arm64-apple-darwin23.3.0
Thread model: posix
InstalledDir: /Applications/Xcode-15.3-beta3.app/Contents/Developer/Toolchains/XcodeDefault.xctoolchain/usr/bin
configure:3744: $? = 0
configure:3733: clang -V >&5
clang: error: argument to '-V' is missing (expected 1 value)
clang: error: no input files
configure:3744: $? = 1
configure:3733: clang -qversion >&5
clang: error: unknown argument '-qversion'; did you mean '--version'?
clang: error: no input files
configure:3744: $? = 1
configure:3733: clang -version >&5
clang: error: unknown argument '-version'; did you mean '--version'?
clang: error: no input files
configure:3744: $? = 1
configure:3764: checking whether the C compiler works
configure:3786: clang -arch arm64 -arch x86_64   conftest.c  >&5
configure:3790: $? = 0
configure:3840: result: yes
configure:3843: checking for C compiler default output file name
configure:3845: result: a.out
configure:3851: checking for suffix of executables
configure:3858: clang -o conftest -arch arm64 -arch x86_64   conftest.c  >&5
configure:3862: $? = 0
configure:3885: result: 
configure:3907: checking whether we are cross compiling
configure:3915: clang -o conftest -arch arm64 -arch x86_64   conftest.c  >&5
configure:3919: $? = 0
configure:3926: ./conftest
configure:3930: $? = 0
configure:3945: result: no
configure:3950: checking for suffix of object files
configure:3973: clang -c -arch arm64 -arch x86_64  conftest.c >&5
configure:3977: $? = 0
configure:3999: result: o
configure:4003: checking whether the compiler supports GNU C
configure:4023: clang -c -arch arm64 -arch x86_64  conftest.c >&5
configure:4023: $? = 0
configure:4033: result: yes
configure:4044: checking whether clang accepts -g
configure:4065: clang -c -g  conftest.c >&5
configure:4065: $? = 0
configure:4109: result: yes
configure:4129: checking for clang option to enable C11 features
configure:4144: clang  -c -arch arm64 -arch x86_64  conftest.c >&5
conftest.c:25:14: warning: a function definition without a prototype is deprecated in all versions of C and is not supported in C2x [-Wdeprecated-non-prototype]
static char *e (p, i)
             ^
1 warning generated.
conftest.c:25:14: warning: a function definition without a prototype is deprecated in all versions of C and is not supported in C2x [-Wdeprecated-non-prototype]
static char *e (p, i)
             ^
1 warning generated.
configure:4144: $? = 0
configure:4162: result: none needed
configure:4278: checking whether clang understands -c and -o together
configure:4301: clang -c conftest.c -o conftest2.o
configure:4304: $? = 0
configure:4301: clang -c conftest.c -o conftest2.o
configure:4304: $? = 0
configure:4316: result: yes
configure:4335: checking dependency style of clang
configure:4447: result: gcc3
configure:4471: checking for special C compiler options needed for large files
configure:4519: result: no
configure:4525: checking for _FILE_OFFSET_BITS value needed for large files
configure:4551: clang -c -arch arm64 -arch x86_64  conftest.c >&5
configure:4551: $? = 0
configure:4585: result: no
configure:4677: checking for aarch64-apple-darwin-gcc
configure:4709: result: clang
configure:5107: checking for C compiler version
configure:5116: clang --version >&5
Apple clang version 15.0.0 (clang-1500.3.9.4)
Target: arm64-apple-darwin23.3.0
Thread model: posix
InstalledDir: /Applications/Xcode-15.3-beta3.app/Contents/Developer/Toolchains/XcodeDefault.xctoolchain/usr/bin
configure:5127: $? = 0
configure:5116: clang -v >&5
Apple clang version 15.0.0 (clang-1500.3.9.4)
Target: arm64-apple-darwin23.3.0
Thread model: posix
InstalledDir: /Applications/Xcode-15.3-beta3.app/Contents/Developer/Toolchains/XcodeDefault.xctoolchain/usr/bin
configure:5127: $? = 0
configure:5116: clang -V >&5
clang: error: argument to '-V' is missing (expected 1 value)
clang: error: no input files
configure:5127: $? = 1
configure:5116: clang -qversion >&5
clang: error: unknown argument '-qversion'; did you mean '--version'?
clang: error: no input files
configure:5127: $? = 1
configure:5116: clang -version >&5
clang: error: unknown argument '-version'; did you mean '--version'?
clang: error: no input files
configure:5127: $? = 1
configure:5131: checking whether the compiler supports GNU C
configure:5161: result: yes
configure:5172: checking whether clang accepts -g
configure:5237: result: yes
configure:5257: checking for clang option to enable C11 features
configure:5290: result: none needed
configure:5406: checking whether clang understands -c and -o together
configure:5444: result: yes
configure:5463: checking dependency style of clang
configure:5575: result: gcc3
configure:5622: checking build system type
configure:5637: result: aarch64-apple-darwin
configure:5657: checking host system type
configure:5671: result: aarch64-apple-darwin
configure:5712: checking how to print strings
configure:5739: result: printf
configure:5760: checking for a sed that does not truncate output
configure:5830: result: /usr/bin/sed
configure:5848: checking for grep that handles long lines and -e
configure:5912: result: /usr/bin/grep
configure:5917: checking for egrep
configure:5985: result: /usr/bin/grep -E
configure:5990: checking for fgrep
configure:6058: result: /usr/bin/grep -F
configure:6094: checking for ld used by clang
configure:6162: result: /Applications/Xcode-15.3-beta3.app/Contents/Developer/Toolchains/XcodeDefault.xctoolchain/usr/bin/ld
configure:6169: checking if the linker (/Applications/Xcode-15.3-beta3.app/Contents/Developer/Toolchains/XcodeDefault.xctoolchain/usr/bin/ld) is GNU ld
configure:6185: result: no
configure:6197: checking for BSD- or MS-compatible name lister (nm)
configure:6252: result: /usr/bin/nm -B
configure:6392: checking the name lister (/usr/bin/nm -B) interface
configure:6400: clang -c -arch arm64 -arch x86_64  conftest.c >&5
configure:6403: /usr/bin/nm -B "conftest.o"
configure:6406: output
0000000000000000 S _some_variable
0000000000000000 t ltmp0
0000000000000000 s ltmp1
configure:6413: result: BSD nm
configure:6416: checking whether ln -s works
configure:6420: result: yes
configure:6428: checking the maximum length of command line arguments
configure:6560: result: 786432
configure:6608: checking how to convert aarch64-apple-darwin file names to aarch64-apple-darwin format
configure:6649: result: func_convert_file_noop
configure:6656: checking how to convert aarch64-apple-darwin file names to toolchain format
configure:6677: result: func_convert_file_noop
configure:6684: checking for /Applications/Xcode-15.3-beta3.app/Contents/Developer/Toolchains/XcodeDefault.xctoolchain/usr/bin/ld option to reload object files
configure:6692: result: -r
configure:6726: checking for aarch64-apple-darwin-objdump
configure:6761: result: no
configure:6771: checking for objdump
configure:6792: found /usr/bin/objdump
configure:6803: result: objdump
configure:6835: checking how to recognize dependent libraries
configure:7036: result: pass_all
configure:7081: checking for aarch64-apple-darwin-dlltool
configure:7116: result: no
configure:7126: checking for dlltool
configure:7161: result: no
configure:7191: checking how to associate runtime and link libraries
configure:7219: result: printf %s\n
configure:7235: checking for aarch64-apple-darwin-ar
configure:7270: result: no
configure:7284: checking for ar
configure:7305: found /usr/bin/ar
configure:7316: result: ar
configure:7353: checking for archiver @FILE support
configure:7371: clang -c -arch arm64 -arch x86_64  conftest.c >&5
configure:7371: $? = 0
configure:7375: ar cr libconftest.a @conftest.lst >&5
ar: @conftest.lst: No such file or directory
configure:7378: $? = 1
configure:7398: result: no
configure:7416: checking for aarch64-apple-darwin-strip
configure:7451: result: no
configure:7461: checking for strip
configure:7482: found /usr/bin/strip
configure:7493: result: strip
configure:7525: checking for aarch64-apple-darwin-ranlib
configure:7560: result: no
configure:7570: checking for ranlib
configure:7591: found /usr/bin/ranlib
configure:7602: result: ranlib
configure:7704: checking command to parse /usr/bin/nm -B output from clang object
configure:7858: clang -c -arch arm64 -arch x86_64  conftest.c >&5
configure:7861: $? = 0
configure:7865: /usr/bin/nm -B conftest.o | sed -n -e 's/^.*[	 ]\([ABCDGIRSTW][ABCDGIRSTW]*\)[	 ][	 ]*\([_A-Za-z][_A-Za-z0-9]*\)$/\1 \2 \2/p' | sed '/ __gnu_lto/d' > conftest.nm
cannot find nm_test_var in conftest.nm
configure:7858: clang -c -arch arm64 -arch x86_64  conftest.c >&5
configure:7861: $? = 0
configure:7865: /usr/bin/nm -B conftest.o | sed -n -e 's/^.*[	 ]\([ABCDGIRSTW][ABCDGIRSTW]*\)[	 ][	 ]*_\([_A-Za-z][_A-Za-z0-9]*\)$/\1 _\2 \2/p' | sed '/ __gnu_lto/d' > conftest.nm
configure:7931: clang -o conftest -arch arm64 -arch x86_64   conftest.c conftstm.o >&5
configure:7934: $? = 0
configure:7972: result: ok
configure:8019: checking for sysroot
configure:8050: result: no
configure:8057: checking for a working dd
configure:8101: result: /bin/dd
configure:8105: checking how to truncate binary pipes
configure:8121: result: /bin/dd bs=4096 count=1
configure:8413: checking for aarch64-apple-darwin-mt
configure:8448: result: no
configure:8458: checking for mt
configure:8493: result: no
configure:8513: checking if : is a manifest tool
configure:8520: : '-?'
configure:8528: result: no
configure:8544: checking for aarch64-apple-darwin-dsymutil
configure:8579: result: no
configure:8589: checking for dsymutil
configure:8610: found /usr/bin/dsymutil
configure:8621: result: dsymutil
configure:8646: checking for aarch64-apple-darwin-nmedit
configure:8681: result: no
configure:8691: checking for nmedit
configure:8712: found /usr/bin/nmedit
configure:8723: result: nmedit
configure:8748: checking for aarch64-apple-darwin-lipo
configure:8783: result: no
configure:8793: checking for lipo
configure:8814: found /usr/bin/lipo
configure:8825: result: lipo
configure:8850: checking for aarch64-apple-darwin-otool
configure:8885: result: no
configure:8895: checking for otool
configure:8916: found /usr/bin/otool
configure:8927: result: otool
configure:8952: checking for aarch64-apple-darwin-otool64
configure:8987: result: no
configure:8997: checking for otool64
configure:9032: result: no
configure:9077: checking for -single_module linker flag
clang -arch arm64 -arch x86_64  -o libconftest.dylib -dynamiclib -Wl,-single_module conftest.c
ld: warning: -single_module is obsolete
ld: warning: -single_module is obsolete
configure:9111: result: no
configure:9114: checking for -exported_symbols_list linker flag
configure:9135: clang -o conftest -arch arm64 -arch x86_64   -Wl,-exported_symbols_list,conftest.sym conftest.c  >&5
configure:9135: $? = 0
configure:9146: result: yes
configure:9149: checking for -force_load linker flag
clang -arch arm64 -arch x86_64 -c -o conftest.o conftest.c
ar cr libconftest.a conftest.o
ranlib libconftest.a
clang -arch arm64 -arch x86_64  -o conftest conftest.c -Wl,-force_load,./libconftest.a
configure:9182: result: yes
configure:9258: checking for stdio.h
configure:9258: clang -c -arch arm64 -arch x86_64  conftest.c >&5
configure:9258: $? = 0
configure:9258: result: yes
configure:9258: checking for stdlib.h
configure:9258: clang -c -arch arm64 -arch x86_64  conftest.c >&5
configure:9258: $? = 0
configure:9258: result: yes
configure:9258: checking for string.h
configure:9258: clang -c -arch arm64 -arch x86_64  conftest.c >&5
configure:9258: $? = 0
configure:9258: result: yes
configure:9258: checking for inttypes.h
configure:9258: clang -c -arch arm64 -arch x86_64  conftest.c >&5
configure:9258: $? = 0
configure:9258: result: yes
configure:9258: checking for stdint.h
configure:9258: clang -c -arch arm64 -arch x86_64  conftest.c >&5
configure:9258: $? = 0
configure:9258: result: yes
configure:9258: checking for strings.h
configure:9258: clang -c -arch arm64 -arch x86_64  conftest.c >&5
configure:9258: $? = 0
configure:9258: result: yes
configure:9258: checking for sys/stat.h
configure:9258: clang -c -arch arm64 -arch x86_64  conftest.c >&5
configure:9258: $? = 0
configure:9258: result: yes
configure:9258: checking for sys/types.h
configure:9258: clang -c -arch arm64 -arch x86_64  conftest.c >&5
configure:9258: $? = 0
configure:9258: result: yes
configure:9258: checking for unistd.h
configure:9258: clang -c -arch arm64 -arch x86_64  conftest.c >&5
configure:9258: $? = 0
configure:9258: result: yes
configure:9283: checking for dlfcn.h
configure:9283: clang -c -arch arm64 -arch x86_64  conftest.c >&5
configure:9283: $? = 0
configure:9283: result: yes
configure:9542: checking for objdir
configure:9558: result: .libs
configure:9818: checking if clang supports -fno-rtti -fno-exceptions
configure:9837: clang -c -arch arm64 -arch x86_64  -fno-rtti -fno-exceptions conftest.c >&5
configure:9841: $? = 0
configure:9854: result: yes
configure:10218: checking for clang option to produce PIC
configure:10226: result: -fno-common -DPIC
configure:10234: checking if clang PIC flag -fno-common -DPIC works
configure:10253: clang -c -arch arm64 -arch x86_64  -fno-common -DPIC -DPIC conftest.c >&5
configure:10257: $? = 0
configure:10270: result: yes
configure:10299: checking if clang static flag -static works
configure:10328: result: no
configure:10343: checking if clang supports -c -o file.o
configure:10365: clang -c -arch arm64 -arch x86_64  -o out/conftest2.o conftest.c >&5
configure:10369: $? = 0
configure:10391: result: yes
configure:10399: checking if clang supports -c -o file.o
configure:10447: result: yes
configure:10480: checking whether the clang linker (/Applications/Xcode-15.3-beta3.app/Contents/Developer/Toolchains/XcodeDefault.xctoolchain/usr/bin/ld) supports shared libraries
configure:11750: result: yes
configure:11991: checking dynamic linker characteristics
configure:12824: result: darwin dyld
configure:12946: checking how to hardcode library paths into programs
configure:12971: result: immediate
configure:13523: checking whether stripping libraries is possible
configure:13537: result: yes
configure:13563: checking if libtool supports shared libraries
configure:13565: result: yes
configure:13568: checking whether to build shared libraries
configure:13593: result: yes
configure:13596: checking whether to build static libraries
configure:13600: result: yes
configure:13640: checking for fdatasync
configure:13640: clang -o conftest -arch arm64 -arch x86_64   conftest.c  >&5
configure:13640: $? = 0
configure:13640: result: yes
configure:13646: checking for usleep
configure:13646: clang -o conftest -arch arm64 -arch x86_64   conftest.c  >&5
configure:13646: $? = 0
configure:13646: result: yes
configure:13652: checking for fullfsync
configure:13652: clang -o conftest -arch arm64 -arch x86_64   conftest.c  >&5
Undefined symbols for architecture arm64:
  "_fullfsync", referenced from:
      _main in conftest-arm64.o
ld: symbol(s) not found for architecture arm64
clang: error: linker command failed with exit code 1 (use -v to see invocation)
configure:13652: $? = 1
configure: failed program was:
| /* confdefs.h */
| #define PACKAGE_NAME "sqlite"
| #define PACKAGE_TARNAME "sqlite"
| #define PACKAGE_VERSION "3.45.0"
| #define PACKAGE_STRING "sqlite 3.45.0"
| #define PACKAGE_BUGREPORT "http://www.sqlite.org"
| #define PACKAGE_URL ""
| #define PACKAGE "sqlite"
| #define VERSION "3.45.0"
| #define HAVE_STDIO_H 1
| #define HAVE_STDLIB_H 1
| #define HAVE_STRING_H 1
| #define HAVE_INTTYPES_H 1
| #define HAVE_STDINT_H 1
| #define HAVE_STRINGS_H 1
| #define HAVE_SYS_STAT_H 1
| #define HAVE_SYS_TYPES_H 1
| #define HAVE_UNISTD_H 1
| #define STDC_HEADERS 1
| #define HAVE_DLFCN_H 1
| #define LT_OBJDIR ".libs/"
| #define HAVE_FDATASYNC 1
| #define HAVE_USLEEP 1
| /* end confdefs.h.  */
| /* Define fullfsync to an innocuous variant, in case <limits.h> declares fullfsync.
|    For example, HP-UX 11i <limits.h> declares gettimeofday.  */
| #define fullfsync innocuous_fullfsync
| 
| /* System header to define __stub macros and hopefully few prototypes,
|    which can conflict with char fullfsync (); below.  */
| 
| #include <limits.h>
| #undef fullfsync
| 
| /* Override any GCC internal prototype to avoid an error.
|    Use char because int might match the return type of a GCC
|    builtin and then its argument prototype would still apply.  */
| #ifdef __cplusplus
| extern "C"
| #endif
| char fullfsync ();
| /* The GNU C library defines this for functions which it implements
|     to always fail with ENOSYS.  Some functions are actually named
|     something starting with __ and the normal name is an alias.  */
| #if defined __stub_fullfsync || defined __stub___fullfsync
| choke me
| #endif
| 
| int
| main (void)
| {
| return fullfsync ();
|   ;
|   return 0;
| }
configure:13652: result: no
configure:13658: checking for localtime_r
configure:13658: clang -o conftest -arch arm64 -arch x86_64   conftest.c  >&5
configure:13658: $? = 0
configure:13658: result: yes
configure:13664: checking for gmtime_r
configure:13664: clang -o conftest -arch arm64 -arch x86_64   conftest.c  >&5
configure:13664: $? = 0
configure:13664: result: yes
configure:13671: checking for clang options needed to detect all undeclared functions
configure:13693: clang -c -arch arm64 -arch x86_64   conftest.c >&5
conftest.c:31:8: error: call to undeclared library function 'strchr' with type 'char *(const char *, int)'; ISO C99 and later do not support implicit function declarations [-Wimplicit-function-declaration]
(void) strchr;
       ^
conftest.c:31:8: note: include the header <string.h> or explicitly provide a declaration for 'strchr'
1 error generated.
configure:13693: $? = 1
configure: failed program was:
| /* confdefs.h */
| #define PACKAGE_NAME "sqlite"
| #define PACKAGE_TARNAME "sqlite"
| #define PACKAGE_VERSION "3.45.0"
| #define PACKAGE_STRING "sqlite 3.45.0"
| #define PACKAGE_BUGREPORT "http://www.sqlite.org"
| #define PACKAGE_URL ""
| #define PACKAGE "sqlite"
| #define VERSION "3.45.0"
| #define HAVE_STDIO_H 1
| #define HAVE_STDLIB_H 1
| #define HAVE_STRING_H 1
| #define HAVE_INTTYPES_H 1
| #define HAVE_STDINT_H 1
| #define HAVE_STRINGS_H 1
| #define HAVE_SYS_STAT_H 1
| #define HAVE_SYS_TYPES_H 1
| #define HAVE_UNISTD_H 1
| #define STDC_HEADERS 1
| #define HAVE_DLFCN_H 1
| #define LT_OBJDIR ".libs/"
| #define HAVE_FDATASYNC 1
| #define HAVE_USLEEP 1
| #define HAVE_LOCALTIME_R 1
| #define HAVE_GMTIME_R 1
| /* end confdefs.h.  */
| 
| int
| main (void)
| {
| (void) strchr;
|   ;
|   return 0;
| }
configure:13720: clang -c -arch arm64 -arch x86_64   conftest.c >&5
configure:13720: $? = 0
configure:13737: result: none needed
configure:13751: checking whether strerror_r is declared
configure:13751: clang -c -arch arm64 -arch x86_64   conftest.c >&5
configure:13751: $? = 0
configure:13751: result: yes
configure:13770: checking whether strerror_r returns char *
configure:13795: clang -c -arch arm64 -arch x86_64  conftest.c >&5
conftest.c:35:13: error: indirection requires pointer operand ('int' invalid)
          char x = *strerror_r (0, buf, sizeof buf);
                   ^~~~~~~~~~~~~~~~~~~~~~~~~~~~~~~~
conftest.c:36:10: error: incompatible integer to pointer conversion initializing 'char *' with an expression of type 'int' [-Wint-conversion]
          char *p = strerror_r (0, buf, sizeof buf);
                ^   ~~~~~~~~~~~~~~~~~~~~~~~~~~~~~~~
2 errors generated.
configure:13795: $? = 1
configure: failed program was:
| /* confdefs.h */
| #define PACKAGE_NAME "sqlite"
| #define PACKAGE_TARNAME "sqlite"
| #define PACKAGE_VERSION "3.45.0"
| #define PACKAGE_STRING "sqlite 3.45.0"
| #define PACKAGE_BUGREPORT "http://www.sqlite.org"
| #define PACKAGE_URL ""
| #define PACKAGE "sqlite"
| #define VERSION "3.45.0"
| #define HAVE_STDIO_H 1
| #define HAVE_STDLIB_H 1
| #define HAVE_STRING_H 1
| #define HAVE_INTTYPES_H 1
| #define HAVE_STDINT_H 1
| #define HAVE_STRINGS_H 1
| #define HAVE_SYS_STAT_H 1
| #define HAVE_SYS_TYPES_H 1
| #define HAVE_UNISTD_H 1
| #define STDC_HEADERS 1
| #define HAVE_DLFCN_H 1
| #define LT_OBJDIR ".libs/"
| #define HAVE_FDATASYNC 1
| #define HAVE_USLEEP 1
| #define HAVE_LOCALTIME_R 1
| #define HAVE_GMTIME_R 1
| #define HAVE_DECL_STRERROR_R 1
| #define HAVE_STRERROR_R 1
| /* end confdefs.h.  */
| #include <string.h>
| int
| main (void)
| {
| 
| 	  char buf[100];
| 	  char x = *strerror_r (0, buf, sizeof buf);
| 	  char *p = strerror_r (0, buf, sizeof buf);
| 	  return !p || x;
| 
|   ;
|   return 0;
| }
configure:13804: result: no
configure:13852: checking for editline/readline.h
configure:13852: clang -c -arch arm64 -arch x86_64  conftest.c >&5
configure:13852: $? = 0
configure:13852: result: yes
configure:13859: checking for library containing readline
configure:13889: clang -o conftest -arch arm64 -arch x86_64   conftest.c  >&5
Undefined symbols for architecture arm64:
  "_readline", referenced from:
      _main in conftest-arm64.o
ld: symbol(s) not found for architecture arm64
clang: error: linker command failed with exit code 1 (use -v to see invocation)
configure:13889: $? = 1
configure: failed program was:
| /* confdefs.h */
| #define PACKAGE_NAME "sqlite"
| #define PACKAGE_TARNAME "sqlite"
| #define PACKAGE_VERSION "3.45.0"
| #define PACKAGE_STRING "sqlite 3.45.0"
| #define PACKAGE_BUGREPORT "http://www.sqlite.org"
| #define PACKAGE_URL ""
| #define PACKAGE "sqlite"
| #define VERSION "3.45.0"
| #define HAVE_STDIO_H 1
| #define HAVE_STDLIB_H 1
| #define HAVE_STRING_H 1
| #define HAVE_INTTYPES_H 1
| #define HAVE_STDINT_H 1
| #define HAVE_STRINGS_H 1
| #define HAVE_SYS_STAT_H 1
| #define HAVE_SYS_TYPES_H 1
| #define HAVE_UNISTD_H 1
| #define STDC_HEADERS 1
| #define HAVE_DLFCN_H 1
| #define LT_OBJDIR ".libs/"
| #define HAVE_FDATASYNC 1
| #define HAVE_USLEEP 1
| #define HAVE_LOCALTIME_R 1
| #define HAVE_GMTIME_R 1
| #define HAVE_DECL_STRERROR_R 1
| #define HAVE_STRERROR_R 1
| #define HAVE_EDITLINE_READLINE_H 1
| /* end confdefs.h.  */
| 
| /* Override any GCC internal prototype to avoid an error.
|    Use char because int might match the return type of a GCC
|    builtin and then its argument prototype would still apply.  */
| char readline ();
| int
| main (void)
| {
| return readline ();
|   ;
|   return 0;
| }
configure:13889: clang -o conftest -arch arm64 -arch x86_64   conftest.c -ledit -ltinfo  >&5
ld: library 'tinfo' not found
clang: error: linker command failed with exit code 1 (use -v to see invocation)
configure:13889: $? = 1
configure: failed program was:
| /* confdefs.h */
| #define PACKAGE_NAME "sqlite"
| #define PACKAGE_TARNAME "sqlite"
| #define PACKAGE_VERSION "3.45.0"
| #define PACKAGE_STRING "sqlite 3.45.0"
| #define PACKAGE_BUGREPORT "http://www.sqlite.org"
| #define PACKAGE_URL ""
| #define PACKAGE "sqlite"
| #define VERSION "3.45.0"
| #define HAVE_STDIO_H 1
| #define HAVE_STDLIB_H 1
| #define HAVE_STRING_H 1
| #define HAVE_INTTYPES_H 1
| #define HAVE_STDINT_H 1
| #define HAVE_STRINGS_H 1
| #define HAVE_SYS_STAT_H 1
| #define HAVE_SYS_TYPES_H 1
| #define HAVE_UNISTD_H 1
| #define STDC_HEADERS 1
| #define HAVE_DLFCN_H 1
| #define LT_OBJDIR ".libs/"
| #define HAVE_FDATASYNC 1
| #define HAVE_USLEEP 1
| #define HAVE_LOCALTIME_R 1
| #define HAVE_GMTIME_R 1
| #define HAVE_DECL_STRERROR_R 1
| #define HAVE_STRERROR_R 1
| #define HAVE_EDITLINE_READLINE_H 1
| /* end confdefs.h.  */
| 
| /* Override any GCC internal prototype to avoid an error.
|    Use char because int might match the return type of a GCC
|    builtin and then its argument prototype would still apply.  */
| char readline ();
| int
| main (void)
| {
| return readline ();
|   ;
|   return 0;
| }
configure:13909: result: no
configure:13938: checking for readline/readline.h
configure:13938: clang -c -arch arm64 -arch x86_64  conftest.c >&5
configure:13938: $? = 0
configure:13938: result: yes
configure:13945: checking for library containing tgetent
configure:13975: clang -o conftest -arch arm64 -arch x86_64   conftest.c  >&5
Undefined symbols for architecture arm64:
  "_tgetent", referenced from:
      _main in conftest-arm64.o
ld: symbol(s) not found for architecture arm64
clang: error: linker command failed with exit code 1 (use -v to see invocation)
configure:13975: $? = 1
configure: failed program was:
| /* confdefs.h */
| #define PACKAGE_NAME "sqlite"
| #define PACKAGE_TARNAME "sqlite"
| #define PACKAGE_VERSION "3.45.0"
| #define PACKAGE_STRING "sqlite 3.45.0"
| #define PACKAGE_BUGREPORT "http://www.sqlite.org"
| #define PACKAGE_URL ""
| #define PACKAGE "sqlite"
| #define VERSION "3.45.0"
| #define HAVE_STDIO_H 1
| #define HAVE_STDLIB_H 1
| #define HAVE_STRING_H 1
| #define HAVE_INTTYPES_H 1
| #define HAVE_STDINT_H 1
| #define HAVE_STRINGS_H 1
| #define HAVE_SYS_STAT_H 1
| #define HAVE_SYS_TYPES_H 1
| #define HAVE_UNISTD_H 1
| #define STDC_HEADERS 1
| #define HAVE_DLFCN_H 1
| #define LT_OBJDIR ".libs/"
| #define HAVE_FDATASYNC 1
| #define HAVE_USLEEP 1
| #define HAVE_LOCALTIME_R 1
| #define HAVE_GMTIME_R 1
| #define HAVE_DECL_STRERROR_R 1
| #define HAVE_STRERROR_R 1
| #define HAVE_EDITLINE_READLINE_H 1
| #define HAVE_READLINE_READLINE_H 1
| /* end confdefs.h.  */
| 
| /* Override any GCC internal prototype to avoid an error.
|    Use char because int might match the return type of a GCC
|    builtin and then its argument prototype would still apply.  */
| char tgetent ();
| int
| main (void)
| {
| return tgetent ();
|   ;
|   return 0;
| }
configure:13975: clang -o conftest -arch arm64 -arch x86_64   conftest.c -ltermcap   >&5
configure:13975: $? = 0
configure:13995: result: -ltermcap
configure:14004: checking for library containing readline
configure:14034: clang -o conftest -arch arm64 -arch x86_64   conftest.c -ltermcap  >&5
Undefined symbols for architecture arm64:
  "_readline", referenced from:
      _main in conftest-arm64.o
ld: symbol(s) not found for architecture arm64
clang: error: linker command failed with exit code 1 (use -v to see invocation)
configure:14034: $? = 1
configure: failed program was:
| /* confdefs.h */
| #define PACKAGE_NAME "sqlite"
| #define PACKAGE_TARNAME "sqlite"
| #define PACKAGE_VERSION "3.45.0"
| #define PACKAGE_STRING "sqlite 3.45.0"
| #define PACKAGE_BUGREPORT "http://www.sqlite.org"
| #define PACKAGE_URL ""
| #define PACKAGE "sqlite"
| #define VERSION "3.45.0"
| #define HAVE_STDIO_H 1
| #define HAVE_STDLIB_H 1
| #define HAVE_STRING_H 1
| #define HAVE_INTTYPES_H 1
| #define HAVE_STDINT_H 1
| #define HAVE_STRINGS_H 1
| #define HAVE_SYS_STAT_H 1
| #define HAVE_SYS_TYPES_H 1
| #define HAVE_UNISTD_H 1
| #define STDC_HEADERS 1
| #define HAVE_DLFCN_H 1
| #define LT_OBJDIR ".libs/"
| #define HAVE_FDATASYNC 1
| #define HAVE_USLEEP 1
| #define HAVE_LOCALTIME_R 1
| #define HAVE_GMTIME_R 1
| #define HAVE_DECL_STRERROR_R 1
| #define HAVE_STRERROR_R 1
| #define HAVE_EDITLINE_READLINE_H 1
| #define HAVE_READLINE_READLINE_H 1
| /* end confdefs.h.  */
| 
| /* Override any GCC internal prototype to avoid an error.
|    Use char because int might match the return type of a GCC
|    builtin and then its argument prototype would still apply.  */
| char readline ();
| int
| main (void)
| {
| return readline ();
|   ;
|   return 0;
| }
configure:14034: clang -o conftest -arch arm64 -arch x86_64   conftest.c -lreadline  -ltermcap  >&5
configure:14034: $? = 0
configure:14054: result: -lreadline
configure:14094: checking for library containing pthread_create
configure:14124: clang -o conftest -arch arm64 -arch x86_64   conftest.c  >&5
configure:14124: $? = 0
configure:14144: result: none required
configure:14153: checking for library containing pthread_mutexattr_init
configure:14183: clang -o conftest -arch arm64 -arch x86_64   conftest.c  >&5
configure:14183: $? = 0
configure:14203: result: none required
configure:14227: checking for library containing dlopen
configure:14257: clang -o conftest -arch arm64 -arch x86_64   conftest.c  >&5
configure:14257: $? = 0
configure:14277: result: none required
configure:14289: checking for whether to support dynamic extensions
configure:14291: result: yes
configure:14306: checking SQL math functions
configure:14310: result: enabled
configure:14312: checking for library containing ceil
configure:14342: clang -o conftest -arch arm64 -arch x86_64   conftest.c  >&5
conftest.c:36:6: warning: incompatible redeclaration of library function 'ceil' [-Wincompatible-library-redeclaration]
char ceil ();
     ^
conftest.c:36:6: note: 'ceil' is a builtin with type 'double (double)'
1 warning generated.
conftest.c:36:6: warning: incompatible redeclaration of library function 'ceil' [-Wincompatible-library-redeclaration]
char ceil ();
     ^
conftest.c:36:6: note: 'ceil' is a builtin with type 'double (double)'
1 warning generated.
configure:14342: $? = 0
configure:14362: result: none required
configure:14388: checking FTS4 extension
configure:14392: result: enabled
configure:14409: checking FTS3 extension
configure:14416: result: disabled
configure:14432: checking FTS5 extension
configure:14435: result: enabled
configure:14437: checking for library containing log
configure:14467: clang -o conftest -arch arm64 -arch x86_64   conftest.c  >&5
conftest.c:36:6: warning: incompatible redeclaration of library function 'log' [-Wincompatible-library-redeclaration]
char log ();
     ^
conftest.c:36:6: note: 'log' is a builtin with type 'double (double)'
1 warning generated.
conftest.c:36:6: warning: incompatible redeclaration of library function 'log' [-Wincompatible-library-redeclaration]
char log ();
     ^
conftest.c:36:6: note: 'log' is a builtin with type 'double (double)'
1 warning generated.
configure:14467: $? = 0
configure:14487: result: none required
configure:14514: checking RTREE extension
configure:14518: result: enabled
configure:14535: checking Session extension
configure:14542: result: disabled
configure:14556: checking Build type
configure:14564: result: release
configure:14588: checking for posix_fallocate
configure:14588: clang -o conftest -arch arm64 -arch x86_64   conftest.c  >&5
Undefined symbols for architecture arm64:
  "_posix_fallocate", referenced from:
      _main in conftest-arm64.o
ld: symbol(s) not found for architecture arm64
clang: error: linker command failed with exit code 1 (use -v to see invocation)
configure:14588: $? = 1
configure: failed program was:
| /* confdefs.h */
| #define PACKAGE_NAME "sqlite"
| #define PACKAGE_TARNAME "sqlite"
| #define PACKAGE_VERSION "3.45.0"
| #define PACKAGE_STRING "sqlite 3.45.0"
| #define PACKAGE_BUGREPORT "http://www.sqlite.org"
| #define PACKAGE_URL ""
| #define PACKAGE "sqlite"
| #define VERSION "3.45.0"
| #define HAVE_STDIO_H 1
| #define HAVE_STDLIB_H 1
| #define HAVE_STRING_H 1
| #define HAVE_INTTYPES_H 1
| #define HAVE_STDINT_H 1
| #define HAVE_STRINGS_H 1
| #define HAVE_SYS_STAT_H 1
| #define HAVE_SYS_TYPES_H 1
| #define HAVE_UNISTD_H 1
| #define STDC_HEADERS 1
| #define HAVE_DLFCN_H 1
| #define LT_OBJDIR ".libs/"
| #define HAVE_FDATASYNC 1
| #define HAVE_USLEEP 1
| #define HAVE_LOCALTIME_R 1
| #define HAVE_GMTIME_R 1
| #define HAVE_DECL_STRERROR_R 1
| #define HAVE_STRERROR_R 1
| #define HAVE_EDITLINE_READLINE_H 1
| #define HAVE_READLINE_READLINE_H 1
| #define HAVE_READLINE 1
| /* end confdefs.h.  */
| /* Define posix_fallocate to an innocuous variant, in case <limits.h> declares posix_fallocate.
|    For example, HP-UX 11i <limits.h> declares gettimeofday.  */
| #define posix_fallocate innocuous_posix_fallocate
| 
| /* System header to define __stub macros and hopefully few prototypes,
|    which can conflict with char posix_fallocate (); below.  */
| 
| #include <limits.h>
| #undef posix_fallocate
| 
| /* Override any GCC internal prototype to avoid an error.
|    Use char because int might match the return type of a GCC
|    builtin and then its argument prototype would still apply.  */
| #ifdef __cplusplus
| extern "C"
| #endif
| char posix_fallocate ();
| /* The GNU C library defines this for functions which it implements
|     to always fail with ENOSYS.  Some functions are actually named
|     something starting with __ and the normal name is an alias.  */
| #if defined __stub_posix_fallocate || defined __stub___posix_fallocate
| choke me
| #endif
| 
| int
| main (void)
| {
| return posix_fallocate ();
|   ;
|   return 0;
| }
configure:14588: result: no
configure:14597: checking for zlib.h
configure:14597: clang -c -arch arm64 -arch x86_64  conftest.c >&5
configure:14597: $? = 0
configure:14597: result: yes
configure:14602: checking for library containing deflate
configure:14632: clang -o conftest -arch arm64 -arch x86_64   conftest.c  >&5
Undefined symbols for architecture arm64:
  "_deflate", referenced from:
      _main in conftest-arm64.o
ld: symbol(s) not found for architecture arm64
clang: error: linker command failed with exit code 1 (use -v to see invocation)
configure:14632: $? = 1
configure: failed program was:
| /* confdefs.h */
| #define PACKAGE_NAME "sqlite"
| #define PACKAGE_TARNAME "sqlite"
| #define PACKAGE_VERSION "3.45.0"
| #define PACKAGE_STRING "sqlite 3.45.0"
| #define PACKAGE_BUGREPORT "http://www.sqlite.org"
| #define PACKAGE_URL ""
| #define PACKAGE "sqlite"
| #define VERSION "3.45.0"
| #define HAVE_STDIO_H 1
| #define HAVE_STDLIB_H 1
| #define HAVE_STRING_H 1
| #define HAVE_INTTYPES_H 1
| #define HAVE_STDINT_H 1
| #define HAVE_STRINGS_H 1
| #define HAVE_SYS_STAT_H 1
| #define HAVE_SYS_TYPES_H 1
| #define HAVE_UNISTD_H 1
| #define STDC_HEADERS 1
| #define HAVE_DLFCN_H 1
| #define LT_OBJDIR ".libs/"
| #define HAVE_FDATASYNC 1
| #define HAVE_USLEEP 1
| #define HAVE_LOCALTIME_R 1
| #define HAVE_GMTIME_R 1
| #define HAVE_DECL_STRERROR_R 1
| #define HAVE_STRERROR_R 1
| #define HAVE_EDITLINE_READLINE_H 1
| #define HAVE_READLINE_READLINE_H 1
| #define HAVE_READLINE 1
| #define HAVE_ZLIB_H 1
| /* end confdefs.h.  */
| 
| /* Override any GCC internal prototype to avoid an error.
|    Use char because int might match the return type of a GCC
|    builtin and then its argument prototype would still apply.  */
| char deflate ();
| int
| main (void)
| {
| return deflate ();
|   ;
|   return 0;
| }
configure:14632: clang -o conftest -arch arm64 -arch x86_64   conftest.c -lz   >&5
configure:14632: $? = 0
configure:14652: result: -lz
configure:14666: checking for library containing system
configure:14696: clang -o conftest -arch arm64 -arch x86_64   conftest.c -lz  >&5
configure:14696: $? = 0
configure:14716: result: none required
configure:14899: checking that generated files are newer than configure
configure:14905: result: done
configure:14932: creating ./config.status

## ---------------------- ##
## Running config.status. ##
## ---------------------- ##

This file was extended by sqlite config.status 3.45.0, which was
generated by GNU Autoconf 2.71.  Invocation command line was

  CONFIG_FILES    = 
  CONFIG_HEADERS  = 
  CONFIG_LINKS    = 
  CONFIG_COMMANDS = 
  $ ./config.status 

on Sparrow.local

config.status:1006: creating Makefile
config.status:1006: creating sqlite3.pc
config.status:1178: executing depfiles commands
config.status:1255: cd .       && sed -e '/# am--include-marker/d' Makefile         | make -f - am--depfiles
config.status:1260: $? = 0
config.status:1178: executing libtool commands

## ---------------- ##
## Cache variables. ##
## ---------------- ##

ac_cv_build=aarch64-apple-darwin
ac_cv_c_compiler_gnu=yes
ac_cv_c_undeclared_builtin_options='none needed'
ac_cv_env_CC_set=set
ac_cv_env_CC_value=clang
ac_cv_env_CFLAGS_set=set
ac_cv_env_CFLAGS_value='-arch arm64 -arch x86_64'
ac_cv_env_CPPFLAGS_set=
ac_cv_env_CPPFLAGS_value=
ac_cv_env_LDFLAGS_set=
ac_cv_env_LDFLAGS_value=
ac_cv_env_LIBS_set=
ac_cv_env_LIBS_value=
ac_cv_env_LT_SYS_LIBRARY_PATH_set=
ac_cv_env_LT_SYS_LIBRARY_PATH_value=
ac_cv_env_build_alias_set=set
ac_cv_env_build_alias_value=aarch64-apple-darwin
ac_cv_env_host_alias_set=set
ac_cv_env_host_alias_value=aarch64-apple-darwin
ac_cv_env_target_alias_set=
ac_cv_env_target_alias_value=
ac_cv_func_fdatasync=yes
ac_cv_func_fullfsync=no
ac_cv_func_gmtime_r=yes
ac_cv_func_localtime_r=yes
ac_cv_func_posix_fallocate=no
ac_cv_func_strerror_r_char_p=no
ac_cv_func_usleep=yes
ac_cv_have_decl_strerror_r=yes
ac_cv_header_dlfcn_h=yes
ac_cv_header_editline_readline_h=yes
ac_cv_header_inttypes_h=yes
ac_cv_header_readline_readline_h=yes
ac_cv_header_stdint_h=yes
ac_cv_header_stdio_h=yes
ac_cv_header_stdlib_h=yes
ac_cv_header_string_h=yes
ac_cv_header_strings_h=yes
ac_cv_header_sys_stat_h=yes
ac_cv_header_sys_types_h=yes
ac_cv_header_unistd_h=yes
ac_cv_header_zlib_h=yes
ac_cv_host=aarch64-apple-darwin
ac_cv_objext=o
ac_cv_path_EGREP='/usr/bin/grep -E'
ac_cv_path_FGREP='/usr/bin/grep -F'
ac_cv_path_GREP=/usr/bin/grep
ac_cv_path_SED=/usr/bin/sed
ac_cv_path_install='/opt/homebrew/bin/ginstall -c'
ac_cv_path_lt_DD=/bin/dd
ac_cv_path_mkdir=/opt/homebrew/bin/gmkdir
ac_cv_prog_AWK=awk
ac_cv_prog_CC=clang
ac_cv_prog_ac_ct_AR=ar
ac_cv_prog_ac_ct_DSYMUTIL=dsymutil
ac_cv_prog_ac_ct_LIPO=lipo
ac_cv_prog_ac_ct_NMEDIT=nmedit
ac_cv_prog_ac_ct_OBJDUMP=objdump
ac_cv_prog_ac_ct_OTOOL=otool
ac_cv_prog_ac_ct_RANLIB=ranlib
ac_cv_prog_ac_ct_STRIP=strip
ac_cv_prog_cc_c11=
ac_cv_prog_cc_g=yes
ac_cv_prog_cc_stdc=
ac_cv_prog_make_make_set=yes
ac_cv_search_ceil='none required'
ac_cv_search_deflate=-lz
ac_cv_search_dlopen='none required'
ac_cv_search_log='none required'
ac_cv_search_pthread_create='none required'
ac_cv_search_pthread_mutexattr_init='none required'
ac_cv_search_readline=-lreadline
ac_cv_search_system='none required'
ac_cv_search_tgetent=-ltermcap
ac_cv_sys_file_offset_bits=no
ac_cv_sys_largefile_CC=no
am_cv_CC_dependencies_compiler_type=gcc3
am_cv_make_support_nested_variables=yes
am_cv_prog_cc_c_o=yes
lt_cv_apple_cc_single_mod=no
lt_cv_ar_at_file=no
lt_cv_deplibs_check_method=pass_all
lt_cv_file_magic_cmd='$MAGIC_CMD'
lt_cv_file_magic_test_file=
lt_cv_ld_exported_symbols_list=yes
lt_cv_ld_force_load=yes
lt_cv_ld_reload_flag=-r
lt_cv_nm_interface='BSD nm'
lt_cv_objdir=.libs
lt_cv_path_LD=/Applications/Xcode-15.3-beta3.app/Contents/Developer/Toolchains/XcodeDefault.xctoolchain/usr/bin/ld
lt_cv_path_NM='/usr/bin/nm -B'
lt_cv_path_mainfest_tool=no
lt_cv_prog_compiler_c_o=yes
lt_cv_prog_compiler_pic='-fno-common -DPIC'
lt_cv_prog_compiler_pic_works=yes
lt_cv_prog_compiler_rtti_exceptions=yes
lt_cv_prog_compiler_static_works=no
lt_cv_prog_gnu_ld=no
lt_cv_sharedlib_from_linklib_cmd='printf %s\n'
lt_cv_sys_global_symbol_pipe='sed -n -e '\''s/^.*[	 ]\([ABCDGIRSTW][ABCDGIRSTW]*\)[	 ][	 ]*_\([_A-Za-z][_A-Za-z0-9]*\)$/\1 _\2 \2/p'\'' | sed '\''/ __gnu_lto/d'\'''
lt_cv_sys_global_symbol_to_c_name_address='sed -n -e '\''s/^: \(.*\) .*$/  {"\1", (void *) 0},/p'\'' -e '\''s/^[ABCDGIRSTW][ABCDGIRSTW]* .* \(.*\)$/  {"\1", (void *) \&\1},/p'\'''
lt_cv_sys_global_symbol_to_c_name_address_lib_prefix='sed -n -e '\''s/^: \(.*\) .*$/  {"\1", (void *) 0},/p'\'' -e '\''s/^[ABCDGIRSTW][ABCDGIRSTW]* .* \(lib.*\)$/  {"\1", (void *) \&\1},/p'\'' -e '\''s/^[ABCDGIRSTW][ABCDGIRSTW]* .* \(.*\)$/  {"lib\1", (void *) \&\1},/p'\'''
lt_cv_sys_global_symbol_to_cdecl='sed -n -e '\''s/^T .* \(.*\)$/extern int \1();/p'\'' -e '\''s/^[ABCDGIRSTW][ABCDGIRSTW]* .* \(.*\)$/extern char \1;/p'\'''
lt_cv_sys_global_symbol_to_import=
lt_cv_sys_max_cmd_len=786432
lt_cv_to_host_file_cmd=func_convert_file_noop
lt_cv_to_tool_file_cmd=func_convert_file_noop
lt_cv_truncate_bin='/bin/dd bs=4096 count=1'

## ----------------- ##
## Output variables. ##
## ----------------- ##

ACLOCAL='${SHELL} '\''/Users/heckj/src/SQLiteFramework/src/latest/missing'\'' aclocal-1.16'
AMDEPBACKSLASH='\'
AMDEP_FALSE='#'
AMDEP_TRUE=''
AMTAR='$${TAR-tar}'
AM_BACKSLASH='\'
AM_DEFAULT_V='$(AM_DEFAULT_VERBOSITY)'
AM_DEFAULT_VERBOSITY='1'
AM_V='$(V)'
AR='ar'
AUTOCONF='${SHELL} '\''/Users/heckj/src/SQLiteFramework/src/latest/missing'\'' autoconf'
AUTOHEADER='${SHELL} '\''/Users/heckj/src/SQLiteFramework/src/latest/missing'\'' autoheader'
AUTOMAKE='${SHELL} '\''/Users/heckj/src/SQLiteFramework/src/latest/missing'\'' automake-1.16'
AWK='awk'
BUILD_CFLAGS=' -D_REENTRANT=1 -DSQLITE_THREADSAFE=1 -DSQLITE_ENABLE_MATH_FUNCTIONS -DSQLITE_ENABLE_FTS4 -DSQLITE_ENABLE_FTS5 -DSQLITE_ENABLE_RTREE -DSQLITE_ENABLE_GEOPOLY -DSQLITE_HAVE_ZLIB'
CC='clang'
CCDEPMODE='depmode=gcc3'
CFLAGS='-arch arm64 -arch x86_64'
CPPFLAGS=''
CSCOPE='cscope'
CTAGS='ctags'
CYGPATH_W='echo'
DEFS='-DPACKAGE_NAME=\"sqlite\" -DPACKAGE_TARNAME=\"sqlite\" -DPACKAGE_VERSION=\"3.45.0\" -DPACKAGE_STRING=\"sqlite\ 3.45.0\" -DPACKAGE_BUGREPORT=\"http://www.sqlite.org\" -DPACKAGE_URL=\"\" -DPACKAGE=\"sqlite\" -DVERSION=\"3.45.0\" -DHAVE_STDIO_H=1 -DHAVE_STDLIB_H=1 -DHAVE_STRING_H=1 -DHAVE_INTTYPES_H=1 -DHAVE_STDINT_H=1 -DHAVE_STRINGS_H=1 -DHAVE_SYS_STAT_H=1 -DHAVE_SYS_TYPES_H=1 -DHAVE_UNISTD_H=1 -DSTDC_HEADERS=1 -DHAVE_DLFCN_H=1 -DLT_OBJDIR=\".libs/\" -DHAVE_FDATASYNC=1 -DHAVE_USLEEP=1 -DHAVE_LOCALTIME_R=1 -DHAVE_GMTIME_R=1 -DHAVE_DECL_STRERROR_R=1 -DHAVE_STRERROR_R=1 -DHAVE_EDITLINE_READLINE_H=1 -DHAVE_READLINE_READLINE_H=1 -DHAVE_READLINE=1 -DHAVE_ZLIB_H=1'
DEPDIR='.deps'
DLLTOOL='false'
DSYMUTIL='dsymutil'
DUMPBIN=''
ECHO_C='\c'
ECHO_N=''
ECHO_T=''
EGREP='/usr/bin/grep -E'
ETAGS='etags'
EXEEXT=''
EXTRA_SHELL_OBJ='sqlite3-sqlite3.o'
FGREP='/usr/bin/grep -F'
GREP='/usr/bin/grep'
INSTALL_DATA='${INSTALL} -m 644'
INSTALL_PROGRAM='${INSTALL}'
INSTALL_SCRIPT='${INSTALL}'
INSTALL_STRIP_PROGRAM='$(install_sh) -c -s'
LD='/Applications/Xcode-15.3-beta3.app/Contents/Developer/Toolchains/XcodeDefault.xctoolchain/usr/bin/ld'
LDFLAGS=''
LIBOBJS=''
LIBS='-lz '
LIBTOOL='$(SHELL) $(top_builddir)/libtool'
LIPO='lipo'
LN_S='ln -s'
LTLIBOBJS=''
LT_SYS_LIBRARY_PATH=''
MAKEINFO='${SHELL} '\''/Users/heckj/src/SQLiteFramework/src/latest/missing'\'' makeinfo'
MANIFEST_TOOL=':'
MKDIR_P='/opt/homebrew/bin/gmkdir -p'
NM='/usr/bin/nm -B'
NMEDIT='nmedit'
OBJDUMP='objdump'
OBJEXT='o'
OTOOL64=':'
OTOOL='otool'
PACKAGE='sqlite'
PACKAGE_BUGREPORT='http://www.sqlite.org'
PACKAGE_NAME='sqlite'
PACKAGE_STRING='sqlite 3.45.0'
PACKAGE_TARNAME='sqlite'
PACKAGE_URL=''
PACKAGE_VERSION='3.45.0'
PATH_SEPARATOR=':'
RANLIB='ranlib'
READLINE_LIBS='-lreadline -ltermcap '
SED='/usr/bin/sed'
SET_MAKE=''
SHELL='/bin/sh'
SHELL_CFLAGS=''
STRIP='strip'
VERSION='3.45.0'
ac_ct_AR='ar'
ac_ct_CC=''
ac_ct_DUMPBIN=''
am__EXEEXT_FALSE=''
am__EXEEXT_TRUE='#'
am__fastdepCC_FALSE='#'
am__fastdepCC_TRUE=''
am__include='include'
am__isrc=''
am__leading_dot='.'
am__nodep='_no'
am__quote=''
am__tar='$${TAR-tar} chof - "$$tardir"'
am__untar='$${TAR-tar} xf -'
bindir='${exec_prefix}/bin'
build='aarch64-apple-darwin'
build_alias='aarch64-apple-darwin'
build_cpu='aarch64'
build_os='darwin'
build_vendor='apple'
datadir='${datarootdir}'
datarootdir='${prefix}/share'
docdir='${datarootdir}/doc/${PACKAGE_TARNAME}'
dvidir='${docdir}'
exec_prefix='${prefix}'
host='aarch64-apple-darwin'
host_alias='aarch64-apple-darwin'
host_cpu='aarch64'
host_os='darwin'
host_vendor='apple'
htmldir='${docdir}'
includedir='${prefix}/include'
infodir='${datarootdir}/info'
install_sh='${SHELL} /Users/heckj/src/SQLiteFramework/src/latest/install-sh'
libdir='${exec_prefix}/lib'
libexecdir='${exec_prefix}/libexec'
localedir='${datarootdir}/locale'
localstatedir='${prefix}/var'
mandir='${datarootdir}/man'
mkdir_p='$(MKDIR_P)'
oldincludedir='/usr/include'
pdfdir='${docdir}'
prefix='/Users/heckj/src/SQLiteFramework/build/macosx'
program_transform_name='s,x,x,'
psdir='${docdir}'
runstatedir='${localstatedir}/run'
sbindir='${exec_prefix}/sbin'
sharedstatedir='${prefix}/com'
sysconfdir='${prefix}/etc'
target_alias=''

## ----------- ##
## confdefs.h. ##
## ----------- ##

/* confdefs.h */
#define PACKAGE_NAME "sqlite"
#define PACKAGE_TARNAME "sqlite"
#define PACKAGE_VERSION "3.45.0"
#define PACKAGE_STRING "sqlite 3.45.0"
#define PACKAGE_BUGREPORT "http://www.sqlite.org"
#define PACKAGE_URL ""
#define PACKAGE "sqlite"
#define VERSION "3.45.0"
#define HAVE_STDIO_H 1
#define HAVE_STDLIB_H 1
#define HAVE_STRING_H 1
#define HAVE_INTTYPES_H 1
#define HAVE_STDINT_H 1
#define HAVE_STRINGS_H 1
#define HAVE_SYS_STAT_H 1
#define HAVE_SYS_TYPES_H 1
#define HAVE_UNISTD_H 1
#define STDC_HEADERS 1
#define HAVE_DLFCN_H 1
#define LT_OBJDIR ".libs/"
#define HAVE_FDATASYNC 1
#define HAVE_USLEEP 1
#define HAVE_LOCALTIME_R 1
#define HAVE_GMTIME_R 1
#define HAVE_DECL_STRERROR_R 1
#define HAVE_STRERROR_R 1
#define HAVE_EDITLINE_READLINE_H 1
#define HAVE_READLINE_READLINE_H 1
#define HAVE_READLINE 1
#define HAVE_ZLIB_H 1

configure: exit 0
